<?xml version="1.0" encoding="UTF-8"?>
<!-- Generated by org.testng.reporters.JUnitXMLReporter -->
<testsuite ignored="0" hostname="WINDOWS-5RLB6OD" failures="0" tests="10" name="Default test" time="6.242" errors="0" timestamp="2024-05-28T16:12:44 IST">
  <testcase classname="com.TS.ExcelDemo" name="myTestCase" time="0.019"/>
  <testcase classname="com.TS.ExcelDemo" name="myTestCase" time="0.014"/>
  <testcase classname="com.TS.ExcelDemo" name="myTestCase" time="0.015"/>
  <testcase classname="com.TS.ExcelDemo" name="myTestCase" time="0.012"/>
  <testcase classname="com.TS.ExcelDemo" name="myTestCase" time="0.015"/>
  <testcase classname="com.TS.ExcelDemo" name="myTestCase" time="0.013"/>
  <testcase classname="com.TS.ExcelDemo" name="myTestCase" time="0.015"/>
  <testcase classname="com.TS.ExcelDemo" name="myTestCase" time="0.003"/>
  <testcase classname="com.TS.ExcelDemo" name="myTestCase" time="0.003"/>
  <testcase classname="com.TS.ExcelDemo" name="myTestCase" time="0.006"/>
</testsuite> <!-- Default test -->
