<?xml version="1.0" encoding="UTF-8"?>
<testng-results ignored="0" total="10" passed="10" failed="0" skipped="0">
  <reporter-output>
  </reporter-output>
  <suite started-at="2024-05-28T16:12:38 IST" name="Default suite" finished-at="2024-05-28T16:12:44 IST" duration-ms="6242">
    <groups>
    </groups>
    <test started-at="2024-05-28T16:12:38 IST" name="Default test" finished-at="2024-05-28T16:12:44 IST" duration-ms="6242">
      <class name="com.TS.ExcelDemo">
        <test-method signature="myTestCase(java.lang.String)[pri:0, instance:com.TS.ExcelDemo@2a54a73f]" started-at="2024-05-28T16:12:44 IST" name="myTestCase" data-provider="pincodes_data" finished-at="2024-05-28T16:12:44 IST" duration-ms="19" status="PASS">
          <params>
            <param index="0">
              <value>
                <![CDATA[411001]]>
              </value>
            </param>
          </params>
          <reporter-output>
          </reporter-output>
        </test-method> <!-- myTestCase -->
        <test-method signature="myTestCase(java.lang.String)[pri:0, instance:com.TS.ExcelDemo@2a54a73f]" started-at="2024-05-28T16:12:44 IST" name="myTestCase" data-provider="pincodes_data" finished-at="2024-05-28T16:12:44 IST" duration-ms="14" status="PASS">
          <params>
            <param index="0">
              <value>
                <![CDATA[411002]]>
              </value>
            </param>
          </params>
          <reporter-output>
          </reporter-output>
        </test-method> <!-- myTestCase -->
        <test-method signature="myTestCase(java.lang.String)[pri:0, instance:com.TS.ExcelDemo@2a54a73f]" started-at="2024-05-28T16:12:44 IST" name="myTestCase" data-provider="pincodes_data" finished-at="2024-05-28T16:12:44 IST" duration-ms="15" status="PASS">
          <params>
            <param index="0">
              <value>
                <![CDATA[411003]]>
              </value>
            </param>
          </params>
          <reporter-output>
          </reporter-output>
        </test-method> <!-- myTestCase -->
        <test-method signature="myTestCase(java.lang.String)[pri:0, instance:com.TS.ExcelDemo@2a54a73f]" started-at="2024-05-28T16:12:44 IST" name="myTestCase" data-provider="pincodes_data" finished-at="2024-05-28T16:12:44 IST" duration-ms="12" status="PASS">
          <params>
            <param index="0">
              <value>
                <![CDATA[411004]]>
              </value>
            </param>
          </params>
          <reporter-output>
          </reporter-output>
        </test-method> <!-- myTestCase -->
        <test-method signature="myTestCase(java.lang.String)[pri:0, instance:com.TS.ExcelDemo@2a54a73f]" started-at="2024-05-28T16:12:44 IST" name="myTestCase" data-provider="pincodes_data" finished-at="2024-05-28T16:12:44 IST" duration-ms="15" status="PASS">
          <params>
            <param index="0">
              <value>
                <![CDATA[411005]]>
              </value>
            </param>
          </params>
          <reporter-output>
          </reporter-output>
        </test-method> <!-- myTestCase -->
        <test-method signature="myTestCase(java.lang.String)[pri:0, instance:com.TS.ExcelDemo@2a54a73f]" started-at="2024-05-28T16:12:44 IST" name="myTestCase" data-provider="pincodes_data" finished-at="2024-05-28T16:12:44 IST" duration-ms="13" status="PASS">
          <params>
            <param index="0">
              <value>
                <![CDATA[411006]]>
              </value>
            </param>
          </params>
          <reporter-output>
          </reporter-output>
        </test-method> <!-- myTestCase -->
        <test-method signature="myTestCase(java.lang.String)[pri:0, instance:com.TS.ExcelDemo@2a54a73f]" started-at="2024-05-28T16:12:44 IST" name="myTestCase" data-provider="pincodes_data" finished-at="2024-05-28T16:12:44 IST" duration-ms="15" status="PASS">
          <params>
            <param index="0">
              <value>
                <![CDATA[411007]]>
              </value>
            </param>
          </params>
          <reporter-output>
          </reporter-output>
        </test-method> <!-- myTestCase -->
        <test-method signature="myTestCase(java.lang.String)[pri:0, instance:com.TS.ExcelDemo@2a54a73f]" started-at="2024-05-28T16:12:44 IST" name="myTestCase" data-provider="pincodes_data" finished-at="2024-05-28T16:12:44 IST" duration-ms="3" status="PASS">
          <params>
            <param index="0">
              <value>
                <![CDATA[411008]]>
              </value>
            </param>
          </params>
          <reporter-output>
          </reporter-output>
        </test-method> <!-- myTestCase -->
        <test-method signature="myTestCase(java.lang.String)[pri:0, instance:com.TS.ExcelDemo@2a54a73f]" started-at="2024-05-28T16:12:44 IST" name="myTestCase" data-provider="pincodes_data" finished-at="2024-05-28T16:12:44 IST" duration-ms="3" status="PASS">
          <params>
            <param index="0">
              <value>
                <![CDATA[411009]]>
              </value>
            </param>
          </params>
          <reporter-output>
          </reporter-output>
        </test-method> <!-- myTestCase -->
        <test-method signature="myTestCase(java.lang.String)[pri:0, instance:com.TS.ExcelDemo@2a54a73f]" started-at="2024-05-28T16:12:44 IST" name="myTestCase" data-provider="pincodes_data" finished-at="2024-05-28T16:12:44 IST" duration-ms="6" status="PASS">
          <params>
            <param index="0">
              <value>
                <![CDATA[411010]]>
              </value>
            </param>
          </params>
          <reporter-output>
          </reporter-output>
        </test-method> <!-- myTestCase -->
      </class> <!-- com.TS.ExcelDemo -->
    </test> <!-- Default test -->
  </suite> <!-- Default suite -->
</testng-results>
